*** 2025-05-06 16:08:30.319 idempiere Log (CLogFile) ***
16:08:30.313 AnnotationBasedModelFactory.lambda$0: AnnotationBasedModelFactory loaded 750 classes in 1.624s [38]
16:08:30.427 Setup.<init>: iDempiere(r) Release 13_2024-12-24 -Smart Suite ERP, CRM and SCM- (c) 1999-2025 iDempiere(r); Implementation: iDempiere - Supported by iDempiere community [1]
16:08:30.618 ConfigurationData.load: Defaults [1]
16:08:56.255 Config.test: OK: JavaHome=C:\Program Files\Java\jdk-21 [129]
16:08:56.256 Config.test: OK: Version=21.0.1 [129]
16:08:56.257 ConfigurationData.testAdempiere: OK: AdempiereHome = N:\idempiere\org.idempiere.p2\target\products\org.adempiere.server.product\win32\win32\x86_64 [129]
16:08:56.261 KeyStoreMgt.<init>: N:\idempiere\org.idempiere.p2\target\products\org.adempiere.server.product\win32\win32\x86_64\jettyhome/etc\keystore [129]
16:08:56.266 KeyStoreMgt.createCertificate:  [129]
16:08:59.801 ConfigurationData.testAdempiere: OK: KeyStore = N:\idempiere\org.idempiere.p2\target\products\org.adempiere.server.product\win32\win32\x86_64\jettyhome/etc\keystore [129]
16:08:59.804 Config.test: OK: AppsServer = /0.0.0.0 [129]
16:09:01.842 Config.test: OK: Web Port = 8084 [129]
16:09:03.941 Config.test: OK: SSL Port = 8443 [129]
16:09:03.943 ConfigPostgreSQL.test: OK: Database Server = localhost/127.0.0.1 [129]
16:09:03.946 ConfigPostgreSQL.test: OK: Database Port = 5432 [129]
16:09:04.185 ConfigPostgreSQL.test: OK: System Connection = jdbc:postgresql://localhost:5432/template1 [129]
16:09:04.228 ConfigPostgreSQL.test: OK: Database User = adempiere [129]
16:09:04.229 ConfigurationData.testMail: OK: EMail not configured [129]
16:09:18.991 Config.test: OK: JavaHome=C:\Program Files\Java\jdk-21 [132]
16:09:18.992 Config.test: OK: Version=21.0.1 [132]
16:09:19.000 ConfigurationData.testAdempiere: OK: AdempiereHome = N:\idempiere\org.idempiere.p2\target\products\org.adempiere.server.product\win32\win32\x86_64 [132]
16:09:19.001 KeyStoreMgt.<init>: N:\idempiere\org.idempiere.p2\target\products\org.adempiere.server.product\win32\win32\x86_64\jettyhome/etc\keystore [132]
16:09:19.005 ConfigurationData.testAdempiere: OK: KeyStore = N:\idempiere\org.idempiere.p2\target\products\org.adempiere.server.product\win32\win32\x86_64\jettyhome/etc\keystore [132]
16:09:19.006 Config.test: OK: AppsServer = /0.0.0.0 [132]
16:09:21.041 Config.test: OK: Web Port = 8084 [132]
16:09:23.073 Config.test: OK: SSL Port = 8443 [132]
16:09:23.074 ConfigPostgreSQL.test: OK: Database Server = localhost/127.0.0.1 [132]
16:09:23.077 ConfigPostgreSQL.test: OK: Database Port = 5432 [132]
16:09:23.116 ConfigPostgreSQL.test: OK: System Connection = jdbc:postgresql://localhost:5432/template1 [132]
16:09:23.155 ConfigPostgreSQL.test: OK: Database User = adempiere [132]
16:09:23.156 ConfigurationData.testMail: OK: EMail not configured [132]
16:09:23.163-----------> Ini.loadProperties: N:\idempiere\org.idempiere.p2\target\products\org.adempiere.server.product\win32\win32\x86_64\idempiere.properties not found [126]
16:09:23.165 Ini.loadProperties: N:\idempiere\org.idempiere.p2\target\products\org.adempiere.server.product\win32\win32\x86_64\idempiere.properties #26 [126]
16:09:23.193 ConfigurationData.save: N:\idempiere\org.idempiere.p2\target\products\org.adempiere.server.product\win32\win32\x86_64\idempiereEnv.properties [126]

*** 2025-05-06 16:09:24.961 idempiere Log (CLogFile) ***
